<?xml version="1.0" encoding="UTF-8"?>
<!-- Generated by org.testng.reporters.JUnitReportReporter -->
<testsuite hostname="LAPTOP-C2IN588P" failures="0" tests="4" name="day1.day1" time="8.436" errors="0" timestamp="2023-10-30T19:25:16 PDT" skipped="0">
  <testcase classname="day1.day1" name="testCreateUser" time="1.140"/>
  <testcase classname="day1.day1" name="updateUser" time="0.906"/>
  <testcase classname="day1.day1" name="getUsers" time="2.287"/>
  <testcase classname="day1.day1" name="deleteUsers" time="4.103"/>
</testsuite> <!-- day1.day1 -->
