<?xml version="1.0" encoding="UTF-8"?>
<!-- Generated by org.testng.reporters.JUnitReportReporter -->
<testsuite hostname="LAPTOP-C2IN588P" failures="0" tests="1" name="day1.day2" time="6.926" errors="0" timestamp="2023-10-31T19:05:46 PDT" skipped="0">
  <testcase classname="day1.day2" name="ApiChaining" time="6.926"/>
</testsuite> <!-- day1.day2 -->
