<?xml version="1.0" encoding="UTF-8"?>
<!-- Generated by org.testng.reporters.JUnitReportReporter -->
<testsuite hostname="LAPTOP-C2IN588P" failures="0" tests="1" name="day1.day3" time="5.557" errors="0" timestamp="2023-11-02T19:31:11 PDT" skipped="0">
  <testcase classname="day1.day3" name="updateUser" time="5.557"/>
</testsuite> <!-- day1.day3 -->
